2025-02-04 16:27:37,560 INFO o.a.j.u.JMeterUtils: Setting Locale to en_EN
2025-02-04 16:27:37,594 INFO o.a.j.JMeter: Loading user properties from: /opt/homebrew/Cellar/jmeter/5.6.3/libexec/bin/user.properties
2025-02-04 16:27:37,595 INFO o.a.j.JMeter: Loading system properties from: /opt/homebrew/Cellar/jmeter/5.6.3/libexec/bin/system.properties
2025-02-04 16:27:37,597 INFO o.a.j.JMeter: Copyright (c) 1998-2024 The Apache Software Foundation
2025-02-04 16:27:37,597 INFO o.a.j.JMeter: Version 5.6.3
2025-02-04 16:27:37,597 INFO o.a.j.JMeter: java.version=21.0.1
2025-02-04 16:27:37,597 INFO o.a.j.JMeter: java.vm.name=Java HotSpot(TM) 64-Bit Server VM
2025-02-04 16:27:37,597 INFO o.a.j.JMeter: os.name=Mac OS X
2025-02-04 16:27:37,597 INFO o.a.j.JMeter: os.arch=aarch64
2025-02-04 16:27:37,598 INFO o.a.j.JMeter: os.version=15.2
2025-02-04 16:27:37,598 INFO o.a.j.JMeter: file.encoding=UTF-8
2025-02-04 16:27:37,598 INFO o.a.j.JMeter: java.awt.headless=null
2025-02-04 16:27:37,598 INFO o.a.j.JMeter: Max memory     =1073741824
2025-02-04 16:27:37,598 INFO o.a.j.JMeter: Available Processors =12
2025-02-04 16:27:37,603 INFO o.a.j.JMeter: Default Locale=English (EN)
2025-02-04 16:27:37,603 INFO o.a.j.JMeter: JMeter  Locale=English (EN)
2025-02-04 16:27:37,603 INFO o.a.j.JMeter: JMeterHome=/opt/homebrew/Cellar/jmeter/5.6.3/libexec
2025-02-04 16:27:37,603 INFO o.a.j.JMeter: user.dir  =/Users/azhukov/WebstormProjects/MyPythonProject
2025-02-04 16:27:37,603 INFO o.a.j.JMeter: PWD       =/Users/azhukov/WebstormProjects/MyPythonProject
2025-02-04 16:27:39,629 INFO o.a.j.JMeter: IP: 192.168.2.90 Name: MG9K2LT0L40 FullName: 192.168.2.90
